(0000) 3000  0011000000000000 (   5)                 .ORIG x3000
(3000) E05E  1110000001011110 (   7)                 LEA   R0 WELCOME
(3001) F022  1111000000100010 (   8)                 TRAP  x22
(3002) E092  1110000010010010 (  10) START           LEA   R0 CHOICE
(3003) F022  1111000000100010 (  11)                 TRAP  x22
(3004) 5020  0101000000100000 (  13)                 AND   R0 R0 #0
(3005) 5260  0101001001100000 (  14)                 AND   R1 R1 #0
(3006) 54A0  0101010010100000 (  15)                 AND   R2 R2 #0
(3007) 56E0  0101011011100000 (  16)                 AND   R3 R3 #0
(3008) 5920  0101100100100000 (  17)                 AND   R4 R4 #0
(3009) 5B60  0101101101100000 (  18)                 AND   R5 R5 #0
(300A) 5DA0  0101110110100000 (  19)                 AND   R6 R6 #0
(300B) 5FE0  0101111111100000 (  20)                 AND   R7 R7 #0
(300C) F020  1111000000100000 (  22) INPUTCHOICE     TRAP  x20
(300D) F021  1111000000100001 (  23)                 TRAP  x21
(300E) 2A4C  0010101001001100 (  25) CHECKENCRYPT    LD    R5 ECHAR
(300F) 5DA0  0101110110100000 (  26)                 AND   R6 R6 #0
(3010) 1C05  0001110000000101 (  27)                 ADD   R6 R0 R5
(3011) 0409  0000010000001001 (  28)                 BRZ   ENCRYPTFLAG
(3012) 2A47  0010101001000111 (  30) CHECKDECRYPT    LD    R5 DCHAR
(3013) 5DA0  0101110110100000 (  31)                 AND   R6 R6 #0
(3014) 1C05  0001110000000101 (  32)                 ADD   R6 R0 R5
(3015) 0408  0000010000001000 (  33)                 BRZ   DECRYPTFLAG
(3016) 2A45  0010101001000101 (  35) CHECKEXIT       LD    R5 XCHAR
(3017) 5DA0  0101110110100000 (  36)                 AND   R6 R6 #0
(3018) 1C05  0001110000000101 (  37)                 ADD   R6 R0 R5
(3019) 043B  0000010000111011 (  38)                 BRZ   EXIT
(301A) 0BF1  0000101111110001 (  39)                 BRNP  INPUTCHOICE
(301B) 5260  0101001001100000 (  41) ENCRYPTFLAG     AND   R1 R1 #0
(301C) 1261  0001001001100001 (  42)                 ADD   R1 R1 #1
(301D) 0E02  0000111000000010 (  43)                 BRNZP SETUPCIPHER
(301E) 5260  0101001001100000 (  45) DECRYPTFLAG     AND   R1 R1 #0
(301F) 0E00  0000111000000000 (  46)                 BRNZP SETUPCIPHER
(3020) E0A7  1110000010100111 (  48) SETUPCIPHER     LEA   R0 CIPHER
(3021) F022  1111000000100010 (  49)                 TRAP  x22
(3022) F020  1111000000100000 (  51) INPUTCIPHER     TRAP  x20
(3023) F021  1111000000100001 (  52)                 TRAP  x21
(3024) 2A38  0010101000111000 (  54) CHECKCIPHERLF   LD    R5 LFCHAR
(3025) 5DA0  0101110110100000 (  55)                 AND   R6 R6 #0
(3026) 1C05  0001110000000101 (  56)                 ADD   R6 R0 R5
(3027) 040D  0000010000001101 (  57)                 BRZ   SETUPMESSAGE
(3028) 2A35  0010101000110101 (  59) SETUPMULTIPLY   LD    R5 NUMBEROFFSET
(3029) 1005  0001000000000101 (  60)                 ADD   R0 R0 R5
(302A) 54A0  0101010010100000 (  61)                 AND   R2 R2 #0
(302B) 5B60  0101101101100000 (  62)                 AND   R5 R5 #0
(302C) 1B43  0001101101000011 (  63)                 ADD   R5 R5 R3
(302D) 14A1  0001010010100001 (  65) MULTIPLYCIPH    ADD   R2 R2 #1
(302E) 16C5  0001011011000101 (  66)                 ADD   R3 R3 R5
(302F) 5DA0  0101110110100000 (  67)                 AND   R6 R6 #0
(3030) 1DB7  0001110110110111 (  68)                 ADD   R6 R6 #-9
(3031) 1C86  0001110010000110 (  69)                 ADD   R6 R2 R6
(3032) 09FA  0000100111111010 (  70)                 BRN   MULTIPLYCIPH
(3033) 16C0  0001011011000000 (  72) ADDCIPHER       ADD   R3 R3 R0
(3034) 0FED  0000111111101101 (  73)                 BRNZP INPUTCIPHER
(3035) E0AF  1110000010101111 (  75) SETUPMESSAGE    LEA   R0 INPUTSTRING
(3036) F022  1111000000100010 (  76)                 TRAP  x22
(3037) 5B60  0101101101100000 (  77)                 AND   R5 R5 #0
(3038) 3A20  0011101000100000 (  78)                 ST    R5 RI
(3039) 3A1E  0011101000011110 (  79)                 ST    R5 CI
(303A) F020  1111000000100000 (  81) INPUTMESSAGE    TRAP  x20
(303B) F021  1111000000100001 (  82)                 TRAP  x21
(303C) 2A20  0010101000100000 (  84) CHECKMESSAGELF  LD    R5 LFCHAR
(303D) 5DA0  0101110110100000 (  85)                 AND   R6 R6 #0
(303E) 1C05  0001110000000101 (  86)                 ADD   R6 R0 R5
(303F) 040C  0000010000001100 (  87)                 BRZ   PRINTRESULT
(3040) 5B60  0101101101100000 (  89) INPUTARRAY      AND   R5 R5 #0
(3041) 4910  0100100100010000 (  90)                 JSR   STORE
(3042) 5B60  0101101101100000 (  91)                 AND   R5 R5 #0
(3043) 1AC5  0001101011000101 (  92)                 ADD   R5 R3 R5
(3044) 0401  0000010000000001 (  93)                 BRZ   DECRYPTINPUT
(3045) 0203  0000001000000011 (  94)                 BRP   ENCRYPTINPUT
(3046) 493E  0100100100111110 (  96) DECRYPTINPUT    JSR   DECRYPT
(3047) 1921  0001100100100001 (  97)                 ADD   R4 R4 #1
(3048) 0FF1  0000111111110001 (  98)                 BRNZP INPUTMESSAGE
(3049) 4912  0100100100010010 ( 100) ENCRYPTINPUT    JSR   ENCRYPT
(304A) 1921  0001100100100001 ( 101)                 ADD   R4 R4 #1
(304B) 0FEE  0000111111101110 ( 102)                 BRNZP INPUTMESSAGE
(304C) E0C4  1110000011000100 ( 104) PRINTRESULT     LEA   R0 OUPUTSTRING
(304D) F022  1111000000100010 ( 105)                 TRAP  x22
(304E) 5B60  0101101101100000 ( 106)                 AND   R5 R5 #0
(304F) 3A08  0011101000001000 ( 107)                 ST    R5 CI
(3050) 3808  0011100000001000 ( 108)                 ST    R4 RI
(3051) 2806  0010100000000110 ( 109)                 LD    R4 CI
(3052) 2A06  0010101000000110 ( 110)                 LD    R5 RI
(3053) 4969  0100100101101001 ( 111)                 JSR   PRINT
(3054) 0FAD  0000111110101101 ( 112)                 BRNZP START
(3055) E034  1110000000110100 ( 114) EXIT            LEA   R0 GOODBYE
(3056) F022  1111000000100010 ( 115)                 TRAP  x22
(3057) F025  1111000000100101 ( 117)                 TRAP  x25
(3058) 0000  0000000000000000 ( 119) CI              .FILL x0000
(3059) 0000  0000000000000000 ( 120) RI              .FILL x0000
(305A) FFBC  1111111110111100 ( 121) DCHAR           .FILL xFFBC
(305B) FFBB  1111111110111011 ( 122) ECHAR           .FILL xFFBB
(305C) FFA8  1111111110101000 ( 123) XCHAR           .FILL xFFA8
(305D) FFF6  1111111111110110 ( 124) LFCHAR          .FILL xFFF6
(305E) FFD0  1111111111010000 ( 125) NUMBEROFFSET    .FILL xFFD0
(305F) 0048  0000000001001000 ( 127) WELCOME         .FILL x0048
(3060) 0065  0000000001100101 ( 127)                 .FILL x0065
(3061) 006C  0000000001101100 ( 127)                 .FILL x006C
(3062) 006C  0000000001101100 ( 127)                 .FILL x006C
(3063) 006F  0000000001101111 ( 127)                 .FILL x006F
(3064) 002C  0000000000101100 ( 127)                 .FILL x002C
(3065) 0020  0000000000100000 ( 127)                 .FILL x0020
(3066) 0077  0000000001110111 ( 127)                 .FILL x0077
(3067) 0065  0000000001100101 ( 127)                 .FILL x0065
(3068) 006C  0000000001101100 ( 127)                 .FILL x006C
(3069) 0063  0000000001100011 ( 127)                 .FILL x0063
(306A) 006F  0000000001101111 ( 127)                 .FILL x006F
(306B) 006D  0000000001101101 ( 127)                 .FILL x006D
(306C) 0065  0000000001100101 ( 127)                 .FILL x0065
(306D) 0020  0000000000100000 ( 127)                 .FILL x0020
(306E) 0074  0000000001110100 ( 127)                 .FILL x0074
(306F) 006F  0000000001101111 ( 127)                 .FILL x006F
(3070) 0020  0000000000100000 ( 127)                 .FILL x0020
(3071) 006D  0000000001101101 ( 127)                 .FILL x006D
(3072) 0079  0000000001111001 ( 127)                 .FILL x0079
(3073) 0020  0000000000100000 ( 127)                 .FILL x0020
(3074) 0043  0000000001000011 ( 127)                 .FILL x0043
(3075) 0061  0000000001100001 ( 127)                 .FILL x0061
(3076) 0065  0000000001100101 ( 127)                 .FILL x0065
(3077) 0073  0000000001110011 ( 127)                 .FILL x0073
(3078) 0061  0000000001100001 ( 127)                 .FILL x0061
(3079) 0072  0000000001110010 ( 127)                 .FILL x0072
(307A) 0020  0000000000100000 ( 127)                 .FILL x0020
(307B) 0043  0000000001000011 ( 127)                 .FILL x0043
(307C) 0069  0000000001101001 ( 127)                 .FILL x0069
(307D) 0070  0000000001110000 ( 127)                 .FILL x0070
(307E) 0068  0000000001101000 ( 127)                 .FILL x0068
(307F) 0065  0000000001100101 ( 127)                 .FILL x0065
(3080) 0072  0000000001110010 ( 127)                 .FILL x0072
(3081) 0020  0000000000100000 ( 127)                 .FILL x0020
(3082) 0070  0000000001110000 ( 127)                 .FILL x0070
(3083) 0072  0000000001110010 ( 127)                 .FILL x0072
(3084) 006F  0000000001101111 ( 127)                 .FILL x006F
(3085) 0067  0000000001100111 ( 127)                 .FILL x0067
(3086) 0072  0000000001110010 ( 127)                 .FILL x0072
(3087) 0061  0000000001100001 ( 127)                 .FILL x0061
(3088) 006D  0000000001101101 ( 127)                 .FILL x006D
(3089) 0000  0000000000000000 ( 127)                 .FILL x0000
(308A) 000A  0000000000001010 ( 128) GOODBYE         .FILL x000A
(308B) 0047  0000000001000111 ( 128)                 .FILL x0047
(308C) 006F  0000000001101111 ( 128)                 .FILL x006F
(308D) 006F  0000000001101111 ( 128)                 .FILL x006F
(308E) 0064  0000000001100100 ( 128)                 .FILL x0064
(308F) 0062  0000000001100010 ( 128)                 .FILL x0062
(3090) 0079  0000000001111001 ( 128)                 .FILL x0079
(3091) 0065  0000000001100101 ( 128)                 .FILL x0065
(3092) 0021  0000000000100001 ( 128)                 .FILL x0021
(3093) 0021  0000000000100001 ( 128)                 .FILL x0021
(3094) 0000  0000000000000000 ( 128)                 .FILL x0000
(3095) 000A  0000000000001010 ( 129) CHOICE          .FILL x000A
(3096) 0044  0000000001000100 ( 129)                 .FILL x0044
(3097) 006F  0000000001101111 ( 129)                 .FILL x006F
(3098) 0020  0000000000100000 ( 129)                 .FILL x0020
(3099) 0079  0000000001111001 ( 129)                 .FILL x0079
(309A) 006F  0000000001101111 ( 129)                 .FILL x006F
(309B) 0075  0000000001110101 ( 129)                 .FILL x0075
(309C) 0020  0000000000100000 ( 129)                 .FILL x0020
(309D) 0077  0000000001110111 ( 129)                 .FILL x0077
(309E) 0061  0000000001100001 ( 129)                 .FILL x0061
(309F) 006E  0000000001101110 ( 129)                 .FILL x006E
(30A0) 0074  0000000001110100 ( 129)                 .FILL x0074
(30A1) 0020  0000000000100000 ( 129)                 .FILL x0020
(30A2) 0074  0000000001110100 ( 129)                 .FILL x0074
(30A3) 006F  0000000001101111 ( 129)                 .FILL x006F
(30A4) 0020  0000000000100000 ( 129)                 .FILL x0020
(30A5) 0028  0000000000101000 ( 129)                 .FILL x0028
(30A6) 0045  0000000001000101 ( 129)                 .FILL x0045
(30A7) 0029  0000000000101001 ( 129)                 .FILL x0029
(30A8) 006E  0000000001101110 ( 129)                 .FILL x006E
(30A9) 0063  0000000001100011 ( 129)                 .FILL x0063
(30AA) 0072  0000000001110010 ( 129)                 .FILL x0072
(30AB) 0079  0000000001111001 ( 129)                 .FILL x0079
(30AC) 0070  0000000001110000 ( 129)                 .FILL x0070
(30AD) 0074  0000000001110100 ( 129)                 .FILL x0074
(30AE) 0020  0000000000100000 ( 129)                 .FILL x0020
(30AF) 006F  0000000001101111 ( 129)                 .FILL x006F
(30B0) 0072  0000000001110010 ( 129)                 .FILL x0072
(30B1) 0020  0000000000100000 ( 129)                 .FILL x0020
(30B2) 0028  0000000000101000 ( 129)                 .FILL x0028
(30B3) 0044  0000000001000100 ( 129)                 .FILL x0044
(30B4) 0029  0000000000101001 ( 129)                 .FILL x0029
(30B5) 0065  0000000001100101 ( 129)                 .FILL x0065
(30B6) 0063  0000000001100011 ( 129)                 .FILL x0063
(30B7) 0072  0000000001110010 ( 129)                 .FILL x0072
(30B8) 0079  0000000001111001 ( 129)                 .FILL x0079
(30B9) 0070  0000000001110000 ( 129)                 .FILL x0070
(30BA) 0074  0000000001110100 ( 129)                 .FILL x0074
(30BB) 0020  0000000000100000 ( 129)                 .FILL x0020
(30BC) 006F  0000000001101111 ( 129)                 .FILL x006F
(30BD) 0072  0000000001110010 ( 129)                 .FILL x0072
(30BE) 0020  0000000000100000 ( 129)                 .FILL x0020
(30BF) 0065  0000000001100101 ( 129)                 .FILL x0065
(30C0) 0028  0000000000101000 ( 129)                 .FILL x0028
(30C1) 0058  0000000001011000 ( 129)                 .FILL x0058
(30C2) 0029  0000000000101001 ( 129)                 .FILL x0029
(30C3) 0069  0000000001101001 ( 129)                 .FILL x0069
(30C4) 0074  0000000001110100 ( 129)                 .FILL x0074
(30C5) 003F  0000000000111111 ( 129)                 .FILL x003F
(30C6) 000A  0000000000001010 ( 129)                 .FILL x000A
(30C7) 0000  0000000000000000 ( 129)                 .FILL x0000
(30C8) 000A  0000000000001010 ( 130) CIPHER          .FILL x000A
(30C9) 0057  0000000001010111 ( 130)                 .FILL x0057
(30CA) 0068  0000000001101000 ( 130)                 .FILL x0068
(30CB) 0061  0000000001100001 ( 130)                 .FILL x0061
(30CC) 0074  0000000001110100 ( 130)                 .FILL x0074
(30CD) 0020  0000000000100000 ( 130)                 .FILL x0020
(30CE) 0069  0000000001101001 ( 130)                 .FILL x0069
(30CF) 0073  0000000001110011 ( 130)                 .FILL x0073
(30D0) 0020  0000000000100000 ( 130)                 .FILL x0020
(30D1) 0074  0000000001110100 ( 130)                 .FILL x0074
(30D2) 0068  0000000001101000 ( 130)                 .FILL x0068
(30D3) 0065  0000000001100101 ( 130)                 .FILL x0065
(30D4) 0020  0000000000100000 ( 130)                 .FILL x0020
(30D5) 0063  0000000001100011 ( 130)                 .FILL x0063
(30D6) 0069  0000000001101001 ( 130)                 .FILL x0069
(30D7) 0070  0000000001110000 ( 130)                 .FILL x0070
(30D8) 0068  0000000001101000 ( 130)                 .FILL x0068
(30D9) 0065  0000000001100101 ( 130)                 .FILL x0065
(30DA) 0072  0000000001110010 ( 130)                 .FILL x0072
(30DB) 0020  0000000000100000 ( 130)                 .FILL x0020
(30DC) 0028  0000000000101000 ( 130)                 .FILL x0028
(30DD) 0031  0000000000110001 ( 130)                 .FILL x0031
(30DE) 002D  0000000000101101 ( 130)                 .FILL x002D
(30DF) 0032  0000000000110010 ( 130)                 .FILL x0032
(30E0) 0035  0000000000110101 ( 130)                 .FILL x0035
(30E1) 0029  0000000000101001 ( 130)                 .FILL x0029
(30E2) 003F  0000000000111111 ( 130)                 .FILL x003F
(30E3) 000A  0000000000001010 ( 130)                 .FILL x000A
(30E4) 0000  0000000000000000 ( 130)                 .FILL x0000
(30E5) 0057  0000000001010111 ( 131) INPUTSTRING     .FILL x0057
(30E6) 0068  0000000001101000 ( 131)                 .FILL x0068
(30E7) 0061  0000000001100001 ( 131)                 .FILL x0061
(30E8) 0074  0000000001110100 ( 131)                 .FILL x0074
(30E9) 0020  0000000000100000 ( 131)                 .FILL x0020
(30EA) 0069  0000000001101001 ( 131)                 .FILL x0069
(30EB) 0073  0000000001110011 ( 131)                 .FILL x0073
(30EC) 0020  0000000000100000 ( 131)                 .FILL x0020
(30ED) 0074  0000000001110100 ( 131)                 .FILL x0074
(30EE) 0068  0000000001101000 ( 131)                 .FILL x0068
(30EF) 0065  0000000001100101 ( 131)                 .FILL x0065
(30F0) 0020  0000000000100000 ( 131)                 .FILL x0020
(30F1) 0073  0000000001110011 ( 131)                 .FILL x0073
(30F2) 0074  0000000001110100 ( 131)                 .FILL x0074
(30F3) 0072  0000000001110010 ( 131)                 .FILL x0072
(30F4) 0069  0000000001101001 ( 131)                 .FILL x0069
(30F5) 006E  0000000001101110 ( 131)                 .FILL x006E
(30F6) 0067  0000000001100111 ( 131)                 .FILL x0067
(30F7) 0020  0000000000100000 ( 131)                 .FILL x0020
(30F8) 0028  0000000000101000 ( 131)                 .FILL x0028
(30F9) 0075  0000000001110101 ( 131)                 .FILL x0075
(30FA) 0070  0000000001110000 ( 131)                 .FILL x0070
(30FB) 0020  0000000000100000 ( 131)                 .FILL x0020
(30FC) 0074  0000000001110100 ( 131)                 .FILL x0074
(30FD) 006F  0000000001101111 ( 131)                 .FILL x006F
(30FE) 0020  0000000000100000 ( 131)                 .FILL x0020
(30FF) 0032  0000000000110010 ( 131)                 .FILL x0032
(3100) 0030  0000000000110000 ( 131)                 .FILL x0030
(3101) 0030  0000000000110000 ( 131)                 .FILL x0030
(3102) 0020  0000000000100000 ( 131)                 .FILL x0020
(3103) 0063  0000000001100011 ( 131)                 .FILL x0063
(3104) 0068  0000000001101000 ( 131)                 .FILL x0068
(3105) 0061  0000000001100001 ( 131)                 .FILL x0061
(3106) 0072  0000000001110010 ( 131)                 .FILL x0072
(3107) 0061  0000000001100001 ( 131)                 .FILL x0061
(3108) 0063  0000000001100011 ( 131)                 .FILL x0063
(3109) 0074  0000000001110100 ( 131)                 .FILL x0074
(310A) 0065  0000000001100101 ( 131)                 .FILL x0065
(310B) 0072  0000000001110010 ( 131)                 .FILL x0072
(310C) 0073  0000000001110011 ( 131)                 .FILL x0073
(310D) 0029  0000000000101001 ( 131)                 .FILL x0029
(310E) 003F  0000000000111111 ( 131)                 .FILL x003F
(310F) 000A  0000000000001010 ( 131)                 .FILL x000A
(3110) 0000  0000000000000000 ( 131)                 .FILL x0000
(3111) 0048  0000000001001000 ( 132) OUPUTSTRING     .FILL x0048
(3112) 0065  0000000001100101 ( 132)                 .FILL x0065
(3113) 0072  0000000001110010 ( 132)                 .FILL x0072
(3114) 0065  0000000001100101 ( 132)                 .FILL x0065
(3115) 0020  0000000000100000 ( 132)                 .FILL x0020
(3116) 0069  0000000001101001 ( 132)                 .FILL x0069
(3117) 0073  0000000001110011 ( 132)                 .FILL x0073
(3118) 0020  0000000000100000 ( 132)                 .FILL x0020
(3119) 0079  0000000001111001 ( 132)                 .FILL x0079
(311A) 006F  0000000001101111 ( 132)                 .FILL x006F
(311B) 0075  0000000001110101 ( 132)                 .FILL x0075
(311C) 0072  0000000001110010 ( 132)                 .FILL x0072
(311D) 0020  0000000000100000 ( 132)                 .FILL x0020
(311E) 0073  0000000001110011 ( 132)                 .FILL x0073
(311F) 0074  0000000001110100 ( 132)                 .FILL x0074
(3120) 0072  0000000001110010 ( 132)                 .FILL x0072
(3121) 0069  0000000001101001 ( 132)                 .FILL x0069
(3122) 006E  0000000001101110 ( 132)                 .FILL x006E
(3123) 0067  0000000001100111 ( 132)                 .FILL x0067
(3124) 0020  0000000000100000 ( 132)                 .FILL x0020
(3125) 0061  0000000001100001 ( 132)                 .FILL x0061
(3126) 006E  0000000001101110 ( 132)                 .FILL x006E
(3127) 0064  0000000001100100 ( 132)                 .FILL x0064
(3128) 0020  0000000000100000 ( 132)                 .FILL x0020
(3129) 0074  0000000001110100 ( 132)                 .FILL x0074
(312A) 0068  0000000001101000 ( 132)                 .FILL x0068
(312B) 0065  0000000001100101 ( 132)                 .FILL x0065
(312C) 0020  0000000000100000 ( 132)                 .FILL x0020
(312D) 0072  0000000001110010 ( 132)                 .FILL x0072
(312E) 0065  0000000001100101 ( 132)                 .FILL x0065
(312F) 0073  0000000001110011 ( 132)                 .FILL x0073
(3130) 0075  0000000001110101 ( 132)                 .FILL x0075
(3131) 006C  0000000001101100 ( 132)                 .FILL x006C
(3132) 0074  0000000001110100 ( 132)                 .FILL x0074
(3133) 0000  0000000000000000 ( 132)                 .FILL x0000
(3134) 000A  0000000000001010 ( 133) ENCRYPTED       .FILL x000A
(3135) 003C  0000000000111100 ( 133)                 .FILL x003C
(3136) 0045  0000000001000101 ( 133)                 .FILL x0045
(3137) 006E  0000000001101110 ( 133)                 .FILL x006E
(3138) 0063  0000000001100011 ( 133)                 .FILL x0063
(3139) 0072  0000000001110010 ( 133)                 .FILL x0072
(313A) 0079  0000000001111001 ( 133)                 .FILL x0079
(313B) 0070  0000000001110000 ( 133)                 .FILL x0070
(313C) 0074  0000000001110100 ( 133)                 .FILL x0074
(313D) 0065  0000000001100101 ( 133)                 .FILL x0065
(313E) 0064  0000000001100100 ( 133)                 .FILL x0064
(313F) 003E  0000000000111110 ( 133)                 .FILL x003E
(3140) 0020  0000000000100000 ( 133)                 .FILL x0020
(3141) 0000  0000000000000000 ( 133)                 .FILL x0000
(3142) 000A  0000000000001010 ( 134) DECRYPTED       .FILL x000A
(3143) 003C  0000000000111100 ( 134)                 .FILL x003C
(3144) 0044  0000000001000100 ( 134)                 .FILL x0044
(3145) 0065  0000000001100101 ( 134)                 .FILL x0065
(3146) 0063  0000000001100011 ( 134)                 .FILL x0063
(3147) 0072  0000000001110010 ( 134)                 .FILL x0072
(3148) 0079  0000000001111001 ( 134)                 .FILL x0079
(3149) 0070  0000000001110000 ( 134)                 .FILL x0070
(314A) 0074  0000000001110100 ( 134)                 .FILL x0074
(314B) 0065  0000000001100101 ( 134)                 .FILL x0065
(314C) 0064  0000000001100100 ( 134)                 .FILL x0064
(314D) 003E  0000000000111110 ( 134)                 .FILL x003E
(314E) 0020  0000000000100000 ( 134)                 .FILL x0020
(314F) 0000  0000000000000000 ( 134)                 .FILL x0000
(3150) 00C7  0000000011000111 ( 136) NUMBER200       .FILL x00C7
(3151) 0000  0000000000000000 ( 140) RETSAVE         .FILL x0000
(3152) 1B60  0001101101100000 ( 140) STORE           ADD   R5 R5 #0
(3153) 0205  0000001000000101 ( 141)                 BRP   RI200
(3154) EC9D  1110110010011101 ( 143) STOREVAR        LEA   R6 ARRAY
(3155) 1D85  0001110110000101 ( 144)                 ADD   R6 R6 R5
(3156) 1D84  0001110110000100 ( 145)                 ADD   R6 R6 R4
(3157) 7180  0111000110000000 ( 146)                 STR   R0 R6 #0
(3158) 0E02  0000111000000010 ( 147)                 BRNZP BACKTOINPUT
(3159) 2BF6  0010101111110110 ( 149) RI200           LD    R5 NUMBER200
(315A) 0FF9  0000111111111001 ( 150)                 BRNZP STOREVAR
(315B) C1C0  1100000111000000 ( 152) BACKTOINPUT     RET   
(315C) 3FF4  0011111111110100 ( 155) ENCRYPT         ST    R7 RETSAVE
(315D) 54A0  0101010010100000 ( 156)                 AND   R2 R2 #0
(315E) 5DA0  0101110110100000 ( 157)                 AND   R6 R6 #0
(315F) 5FE0  0101111111100000 ( 158)                 AND   R7 R7 #0
(3160) 248D  0010010010001101 ( 160) CHECKCAPITAL    LD    R2 CAPLETTER
(3161) 1C02  0001110000000010 ( 161)                 ADD   R6 R0 R2
(3162) 081C  0000100000011100 ( 162)                 BRN   BACKTOOTHER
(3163) 248B  0010010010001011 ( 164) CHECKCAPBOUND   LD    R2 CAPBOUND
(3164) 5DA0  0101110110100000 ( 165)                 AND   R6 R6 #0
(3165) 1C02  0001110000000010 ( 166)                 ADD   R6 R0 R2
(3166) 0C09  0000110000001001 ( 167)                 BRNZ  ISCAPITAL
(3167) 2488  0010010010001000 ( 169) CHECKLOWER      LD    R2 LOWLETTER
(3168) 5DA0  0101110110100000 ( 170)                 AND   R6 R6 #0
(3169) 1C02  0001110000000010 ( 171)                 ADD   R6 R0 R2
(316A) 0814  0000100000010100 ( 172)                 BRN   BACKTOOTHER
(316B) 2485  0010010010000101 ( 174) CHECKLOWBOUND   LD    R2 LOWBOUND
(316C) 5DA0  0101110110100000 ( 175)                 AND   R6 R6 #0
(316D) 1C02  0001110000000010 ( 176)                 ADD   R6 R0 R2
(316E) 0C07  0000110000000111 ( 177)                 BRNZ  ISLOWER
(316F) 020F  0000001000001111 ( 178)                 BRP   BACKTOOTHER
(3170) 1003  0001000000000011 ( 180) ISCAPITAL       ADD   R0 R0 R3
(3171) 247D  0010010001111101 ( 181)                 LD    R2 CAPBOUND
(3172) 5DA0  0101110110100000 ( 182)                 AND   R6 R6 #0
(3173) 1C80  0001110010000000 ( 183)                 ADD   R6 R2 R0
(3174) 0207  0000001000000111 ( 184)                 BRP   FIXBOUND
(3175) 0C09  0000110000001001 ( 185)                 BRNZ  BACKTOOTHER
(3176) 1003  0001000000000011 ( 187) ISLOWER         ADD   R0 R0 R3
(3177) 2479  0010010001111001 ( 188)                 LD    R2 LOWBOUND
(3178) 5DA0  0101110110100000 ( 189)                 AND   R6 R6 #0
(3179) 1C80  0001110010000000 ( 190)                 ADD   R6 R2 R0
(317A) 0201  0000001000000001 ( 191)                 BRP   FIXBOUND
(317B) 0C03  0000110000000011 ( 192)                 BRNZ  BACKTOOTHER
(317C) 2470  0010010001110000 ( 194) FIXBOUND        LD    R2 LETTER
(317D) 1002  0001000000000010 ( 195)                 ADD   R0 R0 R2
(317E) 0E00  0000111000000000 ( 196)                 BRNZP BACKTOOTHER
(317F) 5B60  0101101101100000 ( 198) BACKTOOTHER     AND   R5 R5 #0
(3180) 1B61  0001101101100001 ( 199)                 ADD   R5 R5 #1
(3181) 4FD0  0100111111010000 ( 200)                 JSR   STORE
(3182) 3869  0011100001101001 ( 201)                 ST    R4 MAXCHAR
(3183) 2FCD  0010111111001101 ( 203) FINISHENCRYPT   LD    R7 RETSAVE
(3184) C1C0  1100000111000000 ( 204)                 RET   
(3185) 3FCB  0011111111001011 ( 207) DECRYPT         ST    R7 RETSAVE
(3186) 54A0  0101010010100000 ( 208)                 AND   R2 R2 #0
(3187) 5DA0  0101110110100000 ( 209)                 AND   R6 R6 #0
(3188) 5FE0  0101111111100000 ( 210)                 AND   R7 R7 #0
(3189) 2464  0010010001100100 ( 212) CHECKDCAPITAL   LD    R2 CAPLETTER
(318A) 1C02  0001110000000010 ( 213)                 ADD   R6 R0 R2
(318B) 0820  0000100000100000 ( 214)                 BRN   BACKTODOTHER
(318C) 2462  0010010001100010 ( 216) CHECKDCAPBOUND  LD    R2 CAPBOUND
(318D) 5DA0  0101110110100000 ( 217)                 AND   R6 R6 #0
(318E) 1C02  0001110000000010 ( 218)                 ADD   R6 R0 R2
(318F) 0C09  0000110000001001 ( 219)                 BRNZ  ISDCAPITAL
(3190) 245F  0010010001011111 ( 221) CHECKDLOWER     LD    R2 LOWLETTER
(3191) 5DA0  0101110110100000 ( 222)                 AND   R6 R6 #0
(3192) 1C02  0001110000000010 ( 223)                 ADD   R6 R0 R2
(3193) 0818  0000100000011000 ( 224)                 BRN   BACKTODOTHER
(3194) 245C  0010010001011100 ( 226) CHECKDLOWBOUND  LD    R2 LOWBOUND
(3195) 5DA0  0101110110100000 ( 227)                 AND   R6 R6 #0
(3196) 1C02  0001110000000010 ( 228)                 ADD   R6 R0 R2
(3197) 0C09  0000110000001001 ( 229)                 BRNZ  ISDLOWER
(3198) 0213  0000001000010011 ( 230)                 BRP   BACKTODOTHER
(3199) 96FF  1001011011111111 ( 232) ISDCAPITAL      NOT   R3 R3
(319A) 16E1  0001011011100001 ( 233)                 ADD   R3 R3 #1
(319B) 1003  0001000000000011 ( 234)                 ADD   R0 R0 R3
(319C) 2452  0010010001010010 ( 235)                 LD    R2 CAPBOUND
(319D) 5DA0  0101110110100000 ( 236)                 AND   R6 R6 #0
(319E) 1C80  0001110010000000 ( 237)                 ADD   R6 R2 R0
(319F) 0209  0000001000001001 ( 238)                 BRP   FIXDBOUND
(31A0) 0C0B  0000110000001011 ( 239)                 BRNZ  BACKTODOTHER
(31A1) 96FF  1001011011111111 ( 241) ISDLOWER        NOT   R3 R3
(31A2) 16E1  0001011011100001 ( 242)                 ADD   R3 R3 #1
(31A3) 1003  0001000000000011 ( 243)                 ADD   R0 R0 R3
(31A4) 244C  0010010001001100 ( 244)                 LD    R2 LOWBOUND
(31A5) 5DA0  0101110110100000 ( 245)                 AND   R6 R6 #0
(31A6) 1C80  0001110010000000 ( 246)                 ADD   R6 R2 R0
(31A7) 03D4  0000001111010100 ( 247)                 BRP   FIXBOUND
(31A8) 0C03  0000110000000011 ( 248)                 BRNZ  BACKTODOTHER
(31A9) 2443  0010010001000011 ( 250) FIXDBOUND       LD    R2 LETTER
(31AA) 1002  0001000000000010 ( 251)                 ADD   R0 R0 R2
(31AB) 0E00  0000111000000000 ( 252)                 BRNZP BACKTODOTHER
(31AC) 5B60  0101101101100000 ( 254) BACKTODOTHER    AND   R5 R5 #0
(31AD) 1B61  0001101101100001 ( 255)                 ADD   R5 R5 #1
(31AE) 4FA3  0100111110100011 ( 256)                 JSR   STORE
(31AF) 383C  0011100000111100 ( 257)                 ST    R4 MAXCHAR
(31B0) 0E00  0000111000000000 ( 258)                 BRNZP FINISHDECRYPT
(31B1) 2F9F  0010111110011111 ( 260) FINISHDECRYPT   LD    R7 RETSAVE
(31B2) C1C0  1100000111000000 ( 261)                 RET   
(31B3) 1B60  0001101101100000 ( 265) LOAD            ADD   R5 R5 #0
(31B4) 0205  0000001000000101 ( 266)                 BRP   ORI200
(31B5) EC3C  1110110000111100 ( 268) LOADVAR         LEA   R6 ARRAY
(31B6) 1D85  0001110110000101 ( 269)                 ADD   R6 R6 R5
(31B7) 1D84  0001110110000100 ( 270)                 ADD   R6 R6 R4
(31B8) 6180  0110000110000000 ( 271)                 LDR   R0 R6 #0
(31B9) 0E02  0000111000000010 ( 272)                 BRNZP BACKTOOUTPUT
(31BA) 2B95  0010101110010101 ( 274) ORI200          LD    R5 NUMBER200
(31BB) 0FF9  0000111111111001 ( 275)                 BRNZP LOADVAR
(31BC) C1C0  1100000111000000 ( 277) BACKTOOUTPUT    RET   
(31BD) 3F93  0011111110010011 ( 281) PRINT           ST    R7 RETSAVE
(31BE) 242D  0010010000101101 ( 282)                 LD    R2 MAXCHAR
(31BF) 94BF  1001010010111111 ( 283)                 NOT   R2 R2
(31C0) 1260  0001001001100000 ( 284)                 ADD   R1 R1 #0
(31C1) 0203  0000001000000011 ( 285)                 BRP   WASENCRYPT
(31C2) E171  1110000101110001 ( 287) WASDECRYPT      LEA   R0 ENCRYPTED
(31C3) F022  1111000000100010 ( 288)                 TRAP  x22
(31C4) 0E03  0000111000000011 ( 289)                 BRNZP LOADEORIG
(31C5) E17C  1110000101111100 ( 291) WASENCRYPT      LEA   R0 DECRYPTED
(31C6) F022  1111000000100010 ( 292)                 TRAP  x22
(31C7) 0E0D  0000111000001101 ( 293)                 BRNZP LOADDORIG
(31C8) 5B60  0101101101100000 ( 295) LOADEORIG       AND   R5 R5 #0
(31C9) 4FE9  0100111111101001 ( 296)                 JSR   LOAD
(31CA) F021  1111000000100001 ( 297)                 TRAP  x21
(31CB) 1921  0001100100100001 ( 298)                 ADD   R4 R4 #1
(31CC) 5DA0  0101110110100000 ( 299)                 AND   R6 R6 #0
(31CD) 1D02  0001110100000010 ( 300)                 ADD   R6 R4 R2
(31CE) 09F9  0000100111111001 ( 301)                 BRN   LOADEORIG
(31CF) E172  1110000101110010 ( 303)                 LEA   R0 DECRYPTED
(31D0) F022  1111000000100010 ( 304)                 TRAP  x22
(31D1) 5920  0101100100100000 ( 305)                 AND   R4 R4 #0
(31D2) 5B60  0101101101100000 ( 306)                 AND   R5 R5 #0
(31D3) 1B61  0001101101100001 ( 307)                 ADD   R5 R5 #1
(31D4) 0E0D  0000111000001101 ( 308)                 BRNZP LOADCIPHER
(31D5) 5B60  0101101101100000 ( 310) LOADDORIG       AND   R5 R5 #0
(31D6) 4FDC  0100111111011100 ( 311)                 JSR   LOAD
(31D7) F021  1111000000100001 ( 312)                 TRAP  x21
(31D8) 1921  0001100100100001 ( 313)                 ADD   R4 R4 #1
(31D9) 5DA0  0101110110100000 ( 314)                 AND   R6 R6 #0
(31DA) 1D02  0001110100000010 ( 315)                 ADD   R6 R4 R2
(31DB) 09F9  0000100111111001 ( 316)                 BRN   LOADDORIG
(31DC) E157  1110000101010111 ( 318)                 LEA   R0 ENCRYPTED
(31DD) F022  1111000000100010 ( 319)                 TRAP  x22
(31DE) 5920  0101100100100000 ( 320)                 AND   R4 R4 #0
(31DF) 5B60  0101101101100000 ( 321)                 AND   R5 R5 #0
(31E0) 1B61  0001101101100001 ( 322)                 ADD   R5 R5 #1
(31E1) 0E00  0000111000000000 ( 323)                 BRNZP LOADCIPHER
(31E2) 5B61  0101101101100001 ( 325) LOADCIPHER      AND   R5 R5 #1
(31E3) 4FCF  0100111111001111 ( 326)                 JSR   LOAD
(31E4) F021  1111000000100001 ( 327)                 TRAP  x21
(31E5) 1921  0001100100100001 ( 328)                 ADD   R4 R4 #1
(31E6) 5DA0  0101110110100000 ( 329)                 AND   R6 R6 #0
(31E7) 1D02  0001110100000010 ( 330)                 ADD   R6 R4 R2
(31E8) 09F9  0000100111111001 ( 331)                 BRN   LOADCIPHER
(31E9) 0E00  0000111000000000 ( 332)                 BRNZP FINISH
(31EA) 2F66  0010111101100110 ( 334) FINISH          LD    R7 RETSAVE
(31EB) C1C0  1100000111000000 ( 335)                 RET   
(31EC) 0000  0000000000000000 ( 338) MAXCHAR         .FILL x0000
(31ED) FFE6  1111111111100110 ( 338) LETTER          .FILL xFFE6
(31EE) FFBF  1111111110111111 ( 339) CAPLETTER       .FILL xFFBF
(31EF) FFA6  1111111110100110 ( 340) CAPBOUND        .FILL xFFA6
(31F0) FF9F  1111111110011111 ( 341) LOWLETTER       .FILL xFF9F
(31F1) FF86  1111111110000110 ( 342) LOWBOUND        .FILL xFF86
(31F2) 0000  0000000000000000 ( 345) ARRAY           .FILL x0000
(31F3) 0000  0000000000000000 ( 345)                 .FILL x0000
(31F4) 0000  0000000000000000 ( 345)                 .FILL x0000
(31F5) 0000  0000000000000000 ( 345)                 .FILL x0000
(31F6) 0000  0000000000000000 ( 345)                 .FILL x0000
(31F7) 0000  0000000000000000 ( 345)                 .FILL x0000
(31F8) 0000  0000000000000000 ( 345)                 .FILL x0000
(31F9) 0000  0000000000000000 ( 345)                 .FILL x0000
(31FA) 0000  0000000000000000 ( 345)                 .FILL x0000
(31FB) 0000  0000000000000000 ( 345)                 .FILL x0000
(31FC) 0000  0000000000000000 ( 345)                 .FILL x0000
(31FD) 0000  0000000000000000 ( 345)                 .FILL x0000
(31FE) 0000  0000000000000000 ( 345)                 .FILL x0000
(31FF) 0000  0000000000000000 ( 345)                 .FILL x0000
(3200) 0000  0000000000000000 ( 345)                 .FILL x0000
(3201) 0000  0000000000000000 ( 345)                 .FILL x0000
(3202) 0000  0000000000000000 ( 345)                 .FILL x0000
(3203) 0000  0000000000000000 ( 345)                 .FILL x0000
(3204) 0000  0000000000000000 ( 345)                 .FILL x0000
(3205) 0000  0000000000000000 ( 345)                 .FILL x0000
(3206) 0000  0000000000000000 ( 345)                 .FILL x0000
(3207) 0000  0000000000000000 ( 345)                 .FILL x0000
(3208) 0000  0000000000000000 ( 345)                 .FILL x0000
(3209) 0000  0000000000000000 ( 345)                 .FILL x0000
(320A) 0000  0000000000000000 ( 345)                 .FILL x0000
(320B) 0000  0000000000000000 ( 345)                 .FILL x0000
(320C) 0000  0000000000000000 ( 345)                 .FILL x0000
(320D) 0000  0000000000000000 ( 345)                 .FILL x0000
(320E) 0000  0000000000000000 ( 345)                 .FILL x0000
(320F) 0000  0000000000000000 ( 345)                 .FILL x0000
(3210) 0000  0000000000000000 ( 345)                 .FILL x0000
(3211) 0000  0000000000000000 ( 345)                 .FILL x0000
(3212) 0000  0000000000000000 ( 345)                 .FILL x0000
(3213) 0000  0000000000000000 ( 345)                 .FILL x0000
(3214) 0000  0000000000000000 ( 345)                 .FILL x0000
(3215) 0000  0000000000000000 ( 345)                 .FILL x0000
(3216) 0000  0000000000000000 ( 345)                 .FILL x0000
(3217) 0000  0000000000000000 ( 345)                 .FILL x0000
(3218) 0000  0000000000000000 ( 345)                 .FILL x0000
(3219) 0000  0000000000000000 ( 345)                 .FILL x0000
(321A) 0000  0000000000000000 ( 345)                 .FILL x0000
(321B) 0000  0000000000000000 ( 345)                 .FILL x0000
(321C) 0000  0000000000000000 ( 345)                 .FILL x0000
(321D) 0000  0000000000000000 ( 345)                 .FILL x0000
(321E) 0000  0000000000000000 ( 345)                 .FILL x0000
(321F) 0000  0000000000000000 ( 345)                 .FILL x0000
(3220) 0000  0000000000000000 ( 345)                 .FILL x0000
(3221) 0000  0000000000000000 ( 345)                 .FILL x0000
(3222) 0000  0000000000000000 ( 345)                 .FILL x0000
(3223) 0000  0000000000000000 ( 345)                 .FILL x0000
(3224) 0000  0000000000000000 ( 345)                 .FILL x0000
(3225) 0000  0000000000000000 ( 345)                 .FILL x0000
(3226) 0000  0000000000000000 ( 345)                 .FILL x0000
(3227) 0000  0000000000000000 ( 345)                 .FILL x0000
(3228) 0000  0000000000000000 ( 345)                 .FILL x0000
(3229) 0000  0000000000000000 ( 345)                 .FILL x0000
(322A) 0000  0000000000000000 ( 345)                 .FILL x0000
(322B) 0000  0000000000000000 ( 345)                 .FILL x0000
(322C) 0000  0000000000000000 ( 345)                 .FILL x0000
(322D) 0000  0000000000000000 ( 345)                 .FILL x0000
(322E) 0000  0000000000000000 ( 345)                 .FILL x0000
(322F) 0000  0000000000000000 ( 345)                 .FILL x0000
(3230) 0000  0000000000000000 ( 345)                 .FILL x0000
(3231) 0000  0000000000000000 ( 345)                 .FILL x0000
(3232) 0000  0000000000000000 ( 345)                 .FILL x0000
(3233) 0000  0000000000000000 ( 345)                 .FILL x0000
(3234) 0000  0000000000000000 ( 345)                 .FILL x0000
(3235) 0000  0000000000000000 ( 345)                 .FILL x0000
(3236) 0000  0000000000000000 ( 345)                 .FILL x0000
(3237) 0000  0000000000000000 ( 345)                 .FILL x0000
(3238) 0000  0000000000000000 ( 345)                 .FILL x0000
(3239) 0000  0000000000000000 ( 345)                 .FILL x0000
(323A) 0000  0000000000000000 ( 345)                 .FILL x0000
(323B) 0000  0000000000000000 ( 345)                 .FILL x0000
(323C) 0000  0000000000000000 ( 345)                 .FILL x0000
(323D) 0000  0000000000000000 ( 345)                 .FILL x0000
(323E) 0000  0000000000000000 ( 345)                 .FILL x0000
(323F) 0000  0000000000000000 ( 345)                 .FILL x0000
(3240) 0000  0000000000000000 ( 345)                 .FILL x0000
(3241) 0000  0000000000000000 ( 345)                 .FILL x0000
(3242) 0000  0000000000000000 ( 345)                 .FILL x0000
(3243) 0000  0000000000000000 ( 345)                 .FILL x0000
(3244) 0000  0000000000000000 ( 345)                 .FILL x0000
(3245) 0000  0000000000000000 ( 345)                 .FILL x0000
(3246) 0000  0000000000000000 ( 345)                 .FILL x0000
(3247) 0000  0000000000000000 ( 345)                 .FILL x0000
(3248) 0000  0000000000000000 ( 345)                 .FILL x0000
(3249) 0000  0000000000000000 ( 345)                 .FILL x0000
(324A) 0000  0000000000000000 ( 345)                 .FILL x0000
(324B) 0000  0000000000000000 ( 345)                 .FILL x0000
(324C) 0000  0000000000000000 ( 345)                 .FILL x0000
(324D) 0000  0000000000000000 ( 345)                 .FILL x0000
(324E) 0000  0000000000000000 ( 345)                 .FILL x0000
(324F) 0000  0000000000000000 ( 345)                 .FILL x0000
(3250) 0000  0000000000000000 ( 345)                 .FILL x0000
(3251) 0000  0000000000000000 ( 345)                 .FILL x0000
(3252) 0000  0000000000000000 ( 345)                 .FILL x0000
(3253) 0000  0000000000000000 ( 345)                 .FILL x0000
(3254) 0000  0000000000000000 ( 345)                 .FILL x0000
(3255) 0000  0000000000000000 ( 345)                 .FILL x0000
(3256) 0000  0000000000000000 ( 345)                 .FILL x0000
(3257) 0000  0000000000000000 ( 345)                 .FILL x0000
(3258) 0000  0000000000000000 ( 345)                 .FILL x0000
(3259) 0000  0000000000000000 ( 345)                 .FILL x0000
(325A) 0000  0000000000000000 ( 345)                 .FILL x0000
(325B) 0000  0000000000000000 ( 345)                 .FILL x0000
(325C) 0000  0000000000000000 ( 345)                 .FILL x0000
(325D) 0000  0000000000000000 ( 345)                 .FILL x0000
(325E) 0000  0000000000000000 ( 345)                 .FILL x0000
(325F) 0000  0000000000000000 ( 345)                 .FILL x0000
(3260) 0000  0000000000000000 ( 345)                 .FILL x0000
(3261) 0000  0000000000000000 ( 345)                 .FILL x0000
(3262) 0000  0000000000000000 ( 345)                 .FILL x0000
(3263) 0000  0000000000000000 ( 345)                 .FILL x0000
(3264) 0000  0000000000000000 ( 345)                 .FILL x0000
(3265) 0000  0000000000000000 ( 345)                 .FILL x0000
(3266) 0000  0000000000000000 ( 345)                 .FILL x0000
(3267) 0000  0000000000000000 ( 345)                 .FILL x0000
(3268) 0000  0000000000000000 ( 345)                 .FILL x0000
(3269) 0000  0000000000000000 ( 345)                 .FILL x0000
(326A) 0000  0000000000000000 ( 345)                 .FILL x0000
(326B) 0000  0000000000000000 ( 345)                 .FILL x0000
(326C) 0000  0000000000000000 ( 345)                 .FILL x0000
(326D) 0000  0000000000000000 ( 345)                 .FILL x0000
(326E) 0000  0000000000000000 ( 345)                 .FILL x0000
(326F) 0000  0000000000000000 ( 345)                 .FILL x0000
(3270) 0000  0000000000000000 ( 345)                 .FILL x0000
(3271) 0000  0000000000000000 ( 345)                 .FILL x0000
(3272) 0000  0000000000000000 ( 345)                 .FILL x0000
(3273) 0000  0000000000000000 ( 345)                 .FILL x0000
(3274) 0000  0000000000000000 ( 345)                 .FILL x0000
(3275) 0000  0000000000000000 ( 345)                 .FILL x0000
(3276) 0000  0000000000000000 ( 345)                 .FILL x0000
(3277) 0000  0000000000000000 ( 345)                 .FILL x0000
(3278) 0000  0000000000000000 ( 345)                 .FILL x0000
(3279) 0000  0000000000000000 ( 345)                 .FILL x0000
(327A) 0000  0000000000000000 ( 345)                 .FILL x0000
(327B) 0000  0000000000000000 ( 345)                 .FILL x0000
(327C) 0000  0000000000000000 ( 345)                 .FILL x0000
(327D) 0000  0000000000000000 ( 345)                 .FILL x0000
(327E) 0000  0000000000000000 ( 345)                 .FILL x0000
(327F) 0000  0000000000000000 ( 345)                 .FILL x0000
(3280) 0000  0000000000000000 ( 345)                 .FILL x0000
(3281) 0000  0000000000000000 ( 345)                 .FILL x0000
(3282) 0000  0000000000000000 ( 345)                 .FILL x0000
(3283) 0000  0000000000000000 ( 345)                 .FILL x0000
(3284) 0000  0000000000000000 ( 345)                 .FILL x0000
(3285) 0000  0000000000000000 ( 345)                 .FILL x0000
(3286) 0000  0000000000000000 ( 345)                 .FILL x0000
(3287) 0000  0000000000000000 ( 345)                 .FILL x0000
(3288) 0000  0000000000000000 ( 345)                 .FILL x0000
(3289) 0000  0000000000000000 ( 345)                 .FILL x0000
(328A) 0000  0000000000000000 ( 345)                 .FILL x0000
(328B) 0000  0000000000000000 ( 345)                 .FILL x0000
(328C) 0000  0000000000000000 ( 345)                 .FILL x0000
(328D) 0000  0000000000000000 ( 345)                 .FILL x0000
(328E) 0000  0000000000000000 ( 345)                 .FILL x0000
(328F) 0000  0000000000000000 ( 345)                 .FILL x0000
(3290) 0000  0000000000000000 ( 345)                 .FILL x0000
(3291) 0000  0000000000000000 ( 345)                 .FILL x0000
(3292) 0000  0000000000000000 ( 345)                 .FILL x0000
(3293) 0000  0000000000000000 ( 345)                 .FILL x0000
(3294) 0000  0000000000000000 ( 345)                 .FILL x0000
(3295) 0000  0000000000000000 ( 345)                 .FILL x0000
(3296) 0000  0000000000000000 ( 345)                 .FILL x0000
(3297) 0000  0000000000000000 ( 345)                 .FILL x0000
(3298) 0000  0000000000000000 ( 345)                 .FILL x0000
(3299) 0000  0000000000000000 ( 345)                 .FILL x0000
(329A) 0000  0000000000000000 ( 345)                 .FILL x0000
(329B) 0000  0000000000000000 ( 345)                 .FILL x0000
(329C) 0000  0000000000000000 ( 345)                 .FILL x0000
(329D) 0000  0000000000000000 ( 345)                 .FILL x0000
(329E) 0000  0000000000000000 ( 345)                 .FILL x0000
(329F) 0000  0000000000000000 ( 345)                 .FILL x0000
(32A0) 0000  0000000000000000 ( 345)                 .FILL x0000
(32A1) 0000  0000000000000000 ( 345)                 .FILL x0000
(32A2) 0000  0000000000000000 ( 345)                 .FILL x0000
(32A3) 0000  0000000000000000 ( 345)                 .FILL x0000
(32A4) 0000  0000000000000000 ( 345)                 .FILL x0000
(32A5) 0000  0000000000000000 ( 345)                 .FILL x0000
(32A6) 0000  0000000000000000 ( 345)                 .FILL x0000
(32A7) 0000  0000000000000000 ( 345)                 .FILL x0000
(32A8) 0000  0000000000000000 ( 345)                 .FILL x0000
(32A9) 0000  0000000000000000 ( 345)                 .FILL x0000
(32AA) 0000  0000000000000000 ( 345)                 .FILL x0000
(32AB) 0000  0000000000000000 ( 345)                 .FILL x0000
(32AC) 0000  0000000000000000 ( 345)                 .FILL x0000
(32AD) 0000  0000000000000000 ( 345)                 .FILL x0000
(32AE) 0000  0000000000000000 ( 345)                 .FILL x0000
(32AF) 0000  0000000000000000 ( 345)                 .FILL x0000
(32B0) 0000  0000000000000000 ( 345)                 .FILL x0000
(32B1) 0000  0000000000000000 ( 345)                 .FILL x0000
(32B2) 0000  0000000000000000 ( 345)                 .FILL x0000
(32B3) 0000  0000000000000000 ( 345)                 .FILL x0000
(32B4) 0000  0000000000000000 ( 345)                 .FILL x0000
(32B5) 0000  0000000000000000 ( 345)                 .FILL x0000
(32B6) 0000  0000000000000000 ( 345)                 .FILL x0000
(32B7) 0000  0000000000000000 ( 345)                 .FILL x0000
(32B8) 0000  0000000000000000 ( 345)                 .FILL x0000
(32B9) 0000  0000000000000000 ( 345)                 .FILL x0000
(32BA) 0000  0000000000000000 ( 345)                 .FILL x0000
(32BB) 0000  0000000000000000 ( 345)                 .FILL x0000
(32BC) 0000  0000000000000000 ( 345)                 .FILL x0000
(32BD) 0000  0000000000000000 ( 345)                 .FILL x0000
(32BE) 0000  0000000000000000 ( 345)                 .FILL x0000
(32BF) 0000  0000000000000000 ( 345)                 .FILL x0000
(32C0) 0000  0000000000000000 ( 345)                 .FILL x0000
(32C1) 0000  0000000000000000 ( 345)                 .FILL x0000
(32C2) 0000  0000000000000000 ( 345)                 .FILL x0000
(32C3) 0000  0000000000000000 ( 345)                 .FILL x0000
(32C4) 0000  0000000000000000 ( 345)                 .FILL x0000
(32C5) 0000  0000000000000000 ( 345)                 .FILL x0000
(32C6) 0000  0000000000000000 ( 345)                 .FILL x0000
(32C7) 0000  0000000000000000 ( 345)                 .FILL x0000
(32C8) 0000  0000000000000000 ( 345)                 .FILL x0000
(32C9) 0000  0000000000000000 ( 345)                 .FILL x0000
(32CA) 0000  0000000000000000 ( 345)                 .FILL x0000
(32CB) 0000  0000000000000000 ( 345)                 .FILL x0000
(32CC) 0000  0000000000000000 ( 345)                 .FILL x0000
(32CD) 0000  0000000000000000 ( 345)                 .FILL x0000
(32CE) 0000  0000000000000000 ( 345)                 .FILL x0000
(32CF) 0000  0000000000000000 ( 345)                 .FILL x0000
(32D0) 0000  0000000000000000 ( 345)                 .FILL x0000
(32D1) 0000  0000000000000000 ( 345)                 .FILL x0000
(32D2) 0000  0000000000000000 ( 345)                 .FILL x0000
(32D3) 0000  0000000000000000 ( 345)                 .FILL x0000
(32D4) 0000  0000000000000000 ( 345)                 .FILL x0000
(32D5) 0000  0000000000000000 ( 345)                 .FILL x0000
(32D6) 0000  0000000000000000 ( 345)                 .FILL x0000
(32D7) 0000  0000000000000000 ( 345)                 .FILL x0000
(32D8) 0000  0000000000000000 ( 345)                 .FILL x0000
(32D9) 0000  0000000000000000 ( 345)                 .FILL x0000
(32DA) 0000  0000000000000000 ( 345)                 .FILL x0000
(32DB) 0000  0000000000000000 ( 345)                 .FILL x0000
(32DC) 0000  0000000000000000 ( 345)                 .FILL x0000
(32DD) 0000  0000000000000000 ( 345)                 .FILL x0000
(32DE) 0000  0000000000000000 ( 345)                 .FILL x0000
(32DF) 0000  0000000000000000 ( 345)                 .FILL x0000
(32E0) 0000  0000000000000000 ( 345)                 .FILL x0000
(32E1) 0000  0000000000000000 ( 345)                 .FILL x0000
(32E2) 0000  0000000000000000 ( 345)                 .FILL x0000
(32E3) 0000  0000000000000000 ( 345)                 .FILL x0000
(32E4) 0000  0000000000000000 ( 345)                 .FILL x0000
(32E5) 0000  0000000000000000 ( 345)                 .FILL x0000
(32E6) 0000  0000000000000000 ( 345)                 .FILL x0000
(32E7) 0000  0000000000000000 ( 345)                 .FILL x0000
(32E8) 0000  0000000000000000 ( 345)                 .FILL x0000
(32E9) 0000  0000000000000000 ( 345)                 .FILL x0000
(32EA) 0000  0000000000000000 ( 345)                 .FILL x0000
(32EB) 0000  0000000000000000 ( 345)                 .FILL x0000
(32EC) 0000  0000000000000000 ( 345)                 .FILL x0000
(32ED) 0000  0000000000000000 ( 345)                 .FILL x0000
(32EE) 0000  0000000000000000 ( 345)                 .FILL x0000
(32EF) 0000  0000000000000000 ( 345)                 .FILL x0000
(32F0) 0000  0000000000000000 ( 345)                 .FILL x0000
(32F1) 0000  0000000000000000 ( 345)                 .FILL x0000
(32F2) 0000  0000000000000000 ( 345)                 .FILL x0000
(32F3) 0000  0000000000000000 ( 345)                 .FILL x0000
(32F4) 0000  0000000000000000 ( 345)                 .FILL x0000
(32F5) 0000  0000000000000000 ( 345)                 .FILL x0000
(32F6) 0000  0000000000000000 ( 345)                 .FILL x0000
(32F7) 0000  0000000000000000 ( 345)                 .FILL x0000
(32F8) 0000  0000000000000000 ( 345)                 .FILL x0000
(32F9) 0000  0000000000000000 ( 345)                 .FILL x0000
(32FA) 0000  0000000000000000 ( 345)                 .FILL x0000
(32FB) 0000  0000000000000000 ( 345)                 .FILL x0000
(32FC) 0000  0000000000000000 ( 345)                 .FILL x0000
(32FD) 0000  0000000000000000 ( 345)                 .FILL x0000
(32FE) 0000  0000000000000000 ( 345)                 .FILL x0000
(32FF) 0000  0000000000000000 ( 345)                 .FILL x0000
(3300) 0000  0000000000000000 ( 345)                 .FILL x0000
(3301) 0000  0000000000000000 ( 345)                 .FILL x0000
(3302) 0000  0000000000000000 ( 345)                 .FILL x0000
(3303) 0000  0000000000000000 ( 345)                 .FILL x0000
(3304) 0000  0000000000000000 ( 345)                 .FILL x0000
(3305) 0000  0000000000000000 ( 345)                 .FILL x0000
(3306) 0000  0000000000000000 ( 345)                 .FILL x0000
(3307) 0000  0000000000000000 ( 345)                 .FILL x0000
(3308) 0000  0000000000000000 ( 345)                 .FILL x0000
(3309) 0000  0000000000000000 ( 345)                 .FILL x0000
(330A) 0000  0000000000000000 ( 345)                 .FILL x0000
(330B) 0000  0000000000000000 ( 345)                 .FILL x0000
(330C) 0000  0000000000000000 ( 345)                 .FILL x0000
(330D) 0000  0000000000000000 ( 345)                 .FILL x0000
(330E) 0000  0000000000000000 ( 345)                 .FILL x0000
(330F) 0000  0000000000000000 ( 345)                 .FILL x0000
(3310) 0000  0000000000000000 ( 345)                 .FILL x0000
(3311) 0000  0000000000000000 ( 345)                 .FILL x0000
(3312) 0000  0000000000000000 ( 345)                 .FILL x0000
(3313) 0000  0000000000000000 ( 345)                 .FILL x0000
(3314) 0000  0000000000000000 ( 345)                 .FILL x0000
(3315) 0000  0000000000000000 ( 345)                 .FILL x0000
(3316) 0000  0000000000000000 ( 345)                 .FILL x0000
(3317) 0000  0000000000000000 ( 345)                 .FILL x0000
(3318) 0000  0000000000000000 ( 345)                 .FILL x0000
(3319) 0000  0000000000000000 ( 345)                 .FILL x0000
(331A) 0000  0000000000000000 ( 345)                 .FILL x0000
(331B) 0000  0000000000000000 ( 345)                 .FILL x0000
(331C) 0000  0000000000000000 ( 345)                 .FILL x0000
(331D) 0000  0000000000000000 ( 345)                 .FILL x0000
(331E) 0000  0000000000000000 ( 345)                 .FILL x0000
(331F) 0000  0000000000000000 ( 345)                 .FILL x0000
(3320) 0000  0000000000000000 ( 345)                 .FILL x0000
(3321) 0000  0000000000000000 ( 345)                 .FILL x0000
(3322) 0000  0000000000000000 ( 345)                 .FILL x0000
(3323) 0000  0000000000000000 ( 345)                 .FILL x0000
(3324) 0000  0000000000000000 ( 345)                 .FILL x0000
(3325) 0000  0000000000000000 ( 345)                 .FILL x0000
(3326) 0000  0000000000000000 ( 345)                 .FILL x0000
(3327) 0000  0000000000000000 ( 345)                 .FILL x0000
(3328) 0000  0000000000000000 ( 345)                 .FILL x0000
(3329) 0000  0000000000000000 ( 345)                 .FILL x0000
(332A) 0000  0000000000000000 ( 345)                 .FILL x0000
(332B) 0000  0000000000000000 ( 345)                 .FILL x0000
(332C) 0000  0000000000000000 ( 345)                 .FILL x0000
(332D) 0000  0000000000000000 ( 345)                 .FILL x0000
(332E) 0000  0000000000000000 ( 345)                 .FILL x0000
(332F) 0000  0000000000000000 ( 345)                 .FILL x0000
(3330) 0000  0000000000000000 ( 345)                 .FILL x0000
(3331) 0000  0000000000000000 ( 345)                 .FILL x0000
(3332) 0000  0000000000000000 ( 345)                 .FILL x0000
(3333) 0000  0000000000000000 ( 345)                 .FILL x0000
(3334) 0000  0000000000000000 ( 345)                 .FILL x0000
(3335) 0000  0000000000000000 ( 345)                 .FILL x0000
(3336) 0000  0000000000000000 ( 345)                 .FILL x0000
(3337) 0000  0000000000000000 ( 345)                 .FILL x0000
(3338) 0000  0000000000000000 ( 345)                 .FILL x0000
(3339) 0000  0000000000000000 ( 345)                 .FILL x0000
(333A) 0000  0000000000000000 ( 345)                 .FILL x0000
(333B) 0000  0000000000000000 ( 345)                 .FILL x0000
(333C) 0000  0000000000000000 ( 345)                 .FILL x0000
(333D) 0000  0000000000000000 ( 345)                 .FILL x0000
(333E) 0000  0000000000000000 ( 345)                 .FILL x0000
(333F) 0000  0000000000000000 ( 345)                 .FILL x0000
(3340) 0000  0000000000000000 ( 345)                 .FILL x0000
(3341) 0000  0000000000000000 ( 345)                 .FILL x0000
(3342) 0000  0000000000000000 ( 345)                 .FILL x0000
(3343) 0000  0000000000000000 ( 345)                 .FILL x0000
(3344) 0000  0000000000000000 ( 345)                 .FILL x0000
(3345) 0000  0000000000000000 ( 345)                 .FILL x0000
(3346) 0000  0000000000000000 ( 345)                 .FILL x0000
(3347) 0000  0000000000000000 ( 345)                 .FILL x0000
(3348) 0000  0000000000000000 ( 345)                 .FILL x0000
(3349) 0000  0000000000000000 ( 345)                 .FILL x0000
(334A) 0000  0000000000000000 ( 345)                 .FILL x0000
(334B) 0000  0000000000000000 ( 345)                 .FILL x0000
(334C) 0000  0000000000000000 ( 345)                 .FILL x0000
(334D) 0000  0000000000000000 ( 345)                 .FILL x0000
(334E) 0000  0000000000000000 ( 345)                 .FILL x0000
(334F) 0000  0000000000000000 ( 345)                 .FILL x0000
(3350) 0000  0000000000000000 ( 345)                 .FILL x0000
(3351) 0000  0000000000000000 ( 345)                 .FILL x0000
(3352) 0000  0000000000000000 ( 345)                 .FILL x0000
(3353) 0000  0000000000000000 ( 345)                 .FILL x0000
(3354) 0000  0000000000000000 ( 345)                 .FILL x0000
(3355) 0000  0000000000000000 ( 345)                 .FILL x0000
(3356) 0000  0000000000000000 ( 345)                 .FILL x0000
(3357) 0000  0000000000000000 ( 345)                 .FILL x0000
(3358) 0000  0000000000000000 ( 345)                 .FILL x0000
(3359) 0000  0000000000000000 ( 345)                 .FILL x0000
(335A) 0000  0000000000000000 ( 345)                 .FILL x0000
(335B) 0000  0000000000000000 ( 345)                 .FILL x0000
(335C) 0000  0000000000000000 ( 345)                 .FILL x0000
(335D) 0000  0000000000000000 ( 345)                 .FILL x0000
(335E) 0000  0000000000000000 ( 345)                 .FILL x0000
(335F) 0000  0000000000000000 ( 345)                 .FILL x0000
(3360) 0000  0000000000000000 ( 345)                 .FILL x0000
(3361) 0000  0000000000000000 ( 345)                 .FILL x0000
(3362) 0000  0000000000000000 ( 345)                 .FILL x0000
(3363) 0000  0000000000000000 ( 345)                 .FILL x0000
(3364) 0000  0000000000000000 ( 345)                 .FILL x0000
(3365) 0000  0000000000000000 ( 345)                 .FILL x0000
(3366) 0000  0000000000000000 ( 345)                 .FILL x0000
(3367) 0000  0000000000000000 ( 345)                 .FILL x0000
(3368) 0000  0000000000000000 ( 345)                 .FILL x0000
(3369) 0000  0000000000000000 ( 345)                 .FILL x0000
(336A) 0000  0000000000000000 ( 345)                 .FILL x0000
(336B) 0000  0000000000000000 ( 345)                 .FILL x0000
(336C) 0000  0000000000000000 ( 345)                 .FILL x0000
(336D) 0000  0000000000000000 ( 345)                 .FILL x0000
(336E) 0000  0000000000000000 ( 345)                 .FILL x0000
(336F) 0000  0000000000000000 ( 345)                 .FILL x0000
(3370) 0000  0000000000000000 ( 345)                 .FILL x0000
(3371) 0000  0000000000000000 ( 345)                 .FILL x0000
(3372) 0000  0000000000000000 ( 345)                 .FILL x0000
(3373) 0000  0000000000000000 ( 345)                 .FILL x0000
(3374) 0000  0000000000000000 ( 345)                 .FILL x0000
(3375) 0000  0000000000000000 ( 345)                 .FILL x0000
(3376) 0000  0000000000000000 ( 345)                 .FILL x0000
(3377) 0000  0000000000000000 ( 345)                 .FILL x0000
(3378) 0000  0000000000000000 ( 345)                 .FILL x0000
(3379) 0000  0000000000000000 ( 345)                 .FILL x0000
(337A) 0000  0000000000000000 ( 345)                 .FILL x0000
(337B) 0000  0000000000000000 ( 345)                 .FILL x0000
(337C) 0000  0000000000000000 ( 345)                 .FILL x0000
(337D) 0000  0000000000000000 ( 345)                 .FILL x0000
(337E) 0000  0000000000000000 ( 345)                 .FILL x0000
(337F) 0000  0000000000000000 ( 345)                 .FILL x0000
(3380) 0000  0000000000000000 ( 345)                 .FILL x0000
(3381) 0000  0000000000000000 ( 345)                 .FILL x0000
