(0000) 3000  0011000000000000 (   5)                 .ORIG x3000
(3000) E076  1110000001110110 (   7)                 LEA   R0 WELCOME
(3001) F022  1111000000100010 (   8)                 TRAP  x22
(3002) E096  1110000010010110 (  10) START           LEA   R0 ENTER
(3003) F022  1111000000100010 (  11)                 TRAP  x22
(3004) 5020  0101000000100000 (  14)                 AND   R0 R0 #0
(3005) 5260  0101001001100000 (  15)                 AND   R1 R1 #0
(3006) 54A0  0101010010100000 (  16)                 AND   R2 R2 #0
(3007) 56E0  0101011011100000 (  17)                 AND   R3 R3 #0
(3008) 5920  0101100100100000 (  18)                 AND   R4 R4 #0
(3009) 5B60  0101101101100000 (  19)                 AND   R5 R5 #0
(300A) 5DA0  0101110110100000 (  20)                 AND   R6 R6 #0
(300B) 5FE0  0101111111100000 (  21)                 AND   R7 R7 #0
(300C) 305A  0011000001011010 (  22)                 ST    R0 INT
(300D) 0E00  0000111000000000 (  23)                 BRNZP INLOOP
(300E) F020  1111000000100000 (  25) INLOOP          TRAP  x20
(300F) F021  1111000000100001 (  26)                 TRAP  x21
(3010) 0E00  0000111000000000 (  27)                 BRNZP CHECKLF
(3011) 5DA0  0101110110100000 (  29) CHECKLF         AND   R6 R6 #0
(3012) 5B60  0101101101100000 (  30)                 AND   R5 R5 #0
(3013) 1B76  0001101101110110 (  31)                 ADD   R5 R5 #-10
(3014) 1C05  0001110000000101 (  32)                 ADD   R6 R0 R5
(3015) 0426  0000010000100110 (  33)                 BRZ   CHECKFLAG
(3016) 5B60  0101101101100000 (  35) CHECKNEG        AND   R5 R5 #0
(3017) 1B71  0001101101110001 (  36)                 ADD   R5 R5 #-15
(3018) 1B71  0001101101110001 (  37)                 ADD   R5 R5 #-15
(3019) 1B71  0001101101110001 (  38)                 ADD   R5 R5 #-15
(301A) 5DA0  0101110110100000 (  39)                 AND   R6 R6 #0
(301B) 1C05  0001110000000101 (  40)                 ADD   R6 R0 R5
(301C) 041C  0000010000011100 (  41)                 BRZ   FLAG
(301D) 5B60  0101101101100000 (  43) CHECKX          AND   R5 R5 #0
(301E) 1B70  0001101101110000 (  44)                 ADD   R5 R5 #-16
(301F) 1B70  0001101101110000 (  45)                 ADD   R5 R5 #-16
(3020) 1B70  0001101101110000 (  46)                 ADD   R5 R5 #-16
(3021) 1B70  0001101101110000 (  47)                 ADD   R5 R5 #-16
(3022) 1B70  0001101101110000 (  48)                 ADD   R5 R5 #-16
(3023) 1B78  0001101101111000 (  49)                 ADD   R5 R5 #-8
(3024) 5DA0  0101110110100000 (  50)                 AND   R6 R6 #0
(3025) 1C05  0001110000000101 (  51)                 ADD   R6 R0 R5
(3026) 043D  0000010000111101 (  52)                 BRZ   GOODBYE
(3027) 1030  0001000000110000 (  54) SETUPINPUT      ADD   R0 R0 #-16
(3028) 1030  0001000000110000 (  55)                 ADD   R0 R0 #-16
(3029) 1030  0001000000110000 (  56)                 ADD   R0 R0 #-16
(302A) 54A0  0101010010100000 (  57)                 AND   R2 R2 #0
(302B) 223B  0010001000111011 (  58)                 LD    R1 INT
(302C) 5B60  0101101101100000 (  59)                 AND   R5 R5 #0
(302D) 0E00  0000111000000000 (  60)                 BRNZP MULTIPLY
(302E) 14A1  0001010010100001 (  62) MULTIPLY        ADD   R2 R2 #1
(302F) 1B41  0001101101000001 (  63)                 ADD   R5 R5 R1
(3030) 5DA0  0101110110100000 (  64)                 AND   R6 R6 #0
(3031) 1DB6  0001110110110110 (  65)                 ADD   R6 R6 #-10
(3032) 5FE0  0101111111100000 (  66)                 AND   R7 R7 #0
(3033) 1F82  0001111110000010 (  67)                 ADD   R7 R6 R2
(3034) 0BF9  0000101111111001 (  68)                 BRNP  MULTIPLY
(3035) 0400  0000010000000000 (  69)                 BRZ   ADDINPUT
(3036) 1B40  0001101101000000 (  71) ADDINPUT        ADD   R5 R5 R0
(3037) 3A2F  0011101000101111 (  72)                 ST    R5 INT
(3038) 0FD5  0000111111010101 (  73)                 BRNZP INLOOP
(3039) 56E0  0101011011100000 (  75) FLAG            AND   R3 R3 #0
(303A) 16E1  0001011011100001 (  76)                 ADD   R3 R3 #1
(303B) 0FD2  0000111111010010 (  77)                 BRNZP INLOOP
(303C) 5B60  0101101101100000 (  79) CHECKFLAG       AND   R5 R5 #0
(303D) 1B7F  0001101101111111 (  80)                 ADD   R5 R5 #-1
(303E) 1B43  0001101101000011 (  81)                 ADD   R5 R5 R3
(303F) 041F  0000010000011111 (  82)                 BRZ   INVERT
(3040) 5920  0101100100100000 (  84)                 AND   R4 R4 #0
(3041) 2225  0010001000100101 (  85)                 LD    R1 INT
(3042) 5DA0  0101110110100000 (  87) SETUPMASK       AND   R6 R6 #0
(3043) 5FE0  0101111111100000 (  88)                 AND   R7 R7 #0
(3044) EAB2  1110101010110010 (  90) MASKPTR         LEA   R5 MASK
(3045) 1B44  0001101101000100 (  91)                 ADD   R5 R5 R4
(3046) 6B40  0110101101000000 (  92)                 LDR   R5 R5 #0
(3047) 5DA0  0101110110100000 (  93)                 AND   R6 R6 #0
(3048) 5020  0101000000100000 (  94)                 AND   R0 R0 #0
(3049) 5C45  0101110001000101 (  95)                 AND   R6 R1 R5
(304A) 0401  0000010000000001 (  96)                 BRZ   ZERO
(304B) 0A07  0000101000000111 (  97)                 BRNP  ONE
(304C) 5020  0101000000100000 (  99) ZERO            AND   R0 R0 #0
(304D) 102F  0001000000101111 ( 100)                 ADD   R0 R0 #15
(304E) 102F  0001000000101111 ( 101)                 ADD   R0 R0 #15
(304F) 102F  0001000000101111 ( 102)                 ADD   R0 R0 #15
(3050) 1023  0001000000100011 ( 103)                 ADD   R0 R0 #3
(3051) F021  1111000000100001 ( 104)                 TRAP  x21
(3052) 0E07  0000111000000111 ( 105)                 BRNZP MASKCOUNTER
(3053) 5020  0101000000100000 ( 107) ONE             AND   R0 R0 #0
(3054) 102F  0001000000101111 ( 108)                 ADD   R0 R0 #15
(3055) 102F  0001000000101111 ( 109)                 ADD   R0 R0 #15
(3056) 102F  0001000000101111 ( 110)                 ADD   R0 R0 #15
(3057) 1024  0001000000100100 ( 111)                 ADD   R0 R0 #4
(3058) F021  1111000000100001 ( 112)                 TRAP  x21
(3059) 0E00  0000111000000000 ( 113)                 BRNZP MASKCOUNTER
(305A) 1921  0001100100100001 ( 115) MASKCOUNTER     ADD   R4 R4 #1
(305B) 5FE0  0101111111100000 ( 116)                 AND   R7 R7 #0
(305C) 1F30  0001111100110000 ( 117)                 ADD   R7 R4 #-16
(305D) 07A4  0000011110100100 ( 118)                 BRZP  START
(305E) 09E3  0000100111100011 ( 119)                 BRN   SETUPMASK
(305F) 2207  0010001000000111 ( 121) INVERT          LD    R1 INT
(3060) 927F  1001001001111111 ( 122)                 NOT   R1 R1
(3061) 1261  0001001001100001 ( 123)                 ADD   R1 R1 #1
(3062) 3204  0011001000000100 ( 124)                 ST    R1 INT
(3063) 0FDE  0000111111011110 ( 125)                 BRNZP SETUPMASK
(3064) E07A  1110000001111010 ( 127) GOODBYE         LEA   R0 BYE
(3065) F022  1111000000100010 ( 128)                 TRAP  x22
(3066) F025  1111000000100101 ( 130)                 TRAP  x25
(3067) 0000  0000000000000000 ( 133) INT             .FILL x0000
(3068) 0000  0000000000000000 ( 133)                 .FILL x0000
(3069) 0000  0000000000000000 ( 133)                 .FILL x0000
(306A) 0000  0000000000000000 ( 133)                 .FILL x0000
(306B) 0000  0000000000000000 ( 133)                 .FILL x0000
(306C) 0000  0000000000000000 ( 133)                 .FILL x0000
(306D) 0000  0000000000000000 ( 133)                 .FILL x0000
(306E) 0000  0000000000000000 ( 133)                 .FILL x0000
(306F) 0000  0000000000000000 ( 133)                 .FILL x0000
(3070) 0000  0000000000000000 ( 133)                 .FILL x0000
(3071) 0000  0000000000000000 ( 133)                 .FILL x0000
(3072) 0000  0000000000000000 ( 133)                 .FILL x0000
(3073) 0000  0000000000000000 ( 133)                 .FILL x0000
(3074) 0000  0000000000000000 ( 133)                 .FILL x0000
(3075) 0000  0000000000000000 ( 133)                 .FILL x0000
(3076) 0000  0000000000000000 ( 133)                 .FILL x0000
(3077) 0057  0000000001010111 ( 133) WELCOME         .FILL x0057
(3078) 0065  0000000001100101 ( 133)                 .FILL x0065
(3079) 006C  0000000001101100 ( 133)                 .FILL x006C
(307A) 0063  0000000001100011 ( 133)                 .FILL x0063
(307B) 006F  0000000001101111 ( 133)                 .FILL x006F
(307C) 006D  0000000001101101 ( 133)                 .FILL x006D
(307D) 0065  0000000001100101 ( 133)                 .FILL x0065
(307E) 0020  0000000000100000 ( 133)                 .FILL x0020
(307F) 0074  0000000001110100 ( 133)                 .FILL x0074
(3080) 006F  0000000001101111 ( 133)                 .FILL x006F
(3081) 0020  0000000000100000 ( 133)                 .FILL x0020
(3082) 0074  0000000001110100 ( 133)                 .FILL x0074
(3083) 0068  0000000001101000 ( 133)                 .FILL x0068
(3084) 0065  0000000001100101 ( 133)                 .FILL x0065
(3085) 0020  0000000000100000 ( 133)                 .FILL x0020
(3086) 0063  0000000001100011 ( 133)                 .FILL x0063
(3087) 006F  0000000001101111 ( 133)                 .FILL x006F
(3088) 006E  0000000001101110 ( 133)                 .FILL x006E
(3089) 0076  0000000001110110 ( 133)                 .FILL x0076
(308A) 0065  0000000001100101 ( 133)                 .FILL x0065
(308B) 0072  0000000001110010 ( 133)                 .FILL x0072
(308C) 0073  0000000001110011 ( 133)                 .FILL x0073
(308D) 0069  0000000001101001 ( 133)                 .FILL x0069
(308E) 006F  0000000001101111 ( 133)                 .FILL x006F
(308F) 006E  0000000001101110 ( 133)                 .FILL x006E
(3090) 0020  0000000000100000 ( 133)                 .FILL x0020
(3091) 0070  0000000001110000 ( 133)                 .FILL x0070
(3092) 0072  0000000001110010 ( 133)                 .FILL x0072
(3093) 006F  0000000001101111 ( 133)                 .FILL x006F
(3094) 0067  0000000001100111 ( 133)                 .FILL x0067
(3095) 0072  0000000001110010 ( 133)                 .FILL x0072
(3096) 0061  0000000001100001 ( 133)                 .FILL x0061
(3097) 006D  0000000001101101 ( 133)                 .FILL x006D
(3098) 0000  0000000000000000 ( 133)                 .FILL x0000
(3099) 000A  0000000000001010 ( 134) ENTER           .FILL x000A
(309A) 0045  0000000001000101 ( 134)                 .FILL x0045
(309B) 006E  0000000001101110 ( 134)                 .FILL x006E
(309C) 0074  0000000001110100 ( 134)                 .FILL x0074
(309D) 0065  0000000001100101 ( 134)                 .FILL x0065
(309E) 0072  0000000001110010 ( 134)                 .FILL x0072
(309F) 0020  0000000000100000 ( 134)                 .FILL x0020
(30A0) 0061  0000000001100001 ( 134)                 .FILL x0061
(30A1) 0020  0000000000100000 ( 134)                 .FILL x0020
(30A2) 0064  0000000001100100 ( 134)                 .FILL x0064
(30A3) 0065  0000000001100101 ( 134)                 .FILL x0065
(30A4) 0063  0000000001100011 ( 134)                 .FILL x0063
(30A5) 0069  0000000001101001 ( 134)                 .FILL x0069
(30A6) 006D  0000000001101101 ( 134)                 .FILL x006D
(30A7) 0061  0000000001100001 ( 134)                 .FILL x0061
(30A8) 006C  0000000001101100 ( 134)                 .FILL x006C
(30A9) 0020  0000000000100000 ( 134)                 .FILL x0020
(30AA) 006E  0000000001101110 ( 134)                 .FILL x006E
(30AB) 0075  0000000001110101 ( 134)                 .FILL x0075
(30AC) 006D  0000000001101101 ( 134)                 .FILL x006D
(30AD) 0062  0000000001100010 ( 134)                 .FILL x0062
(30AE) 0065  0000000001100101 ( 134)                 .FILL x0065
(30AF) 0072  0000000001110010 ( 134)                 .FILL x0072
(30B0) 0020  0000000000100000 ( 134)                 .FILL x0020
(30B1) 006F  0000000001101111 ( 134)                 .FILL x006F
(30B2) 0072  0000000001110010 ( 134)                 .FILL x0072
(30B3) 0020  0000000000100000 ( 134)                 .FILL x0020
(30B4) 0058  0000000001011000 ( 134)                 .FILL x0058
(30B5) 0020  0000000000100000 ( 134)                 .FILL x0020
(30B6) 0074  0000000001110100 ( 134)                 .FILL x0074
(30B7) 006F  0000000001101111 ( 134)                 .FILL x006F
(30B8) 0020  0000000000100000 ( 134)                 .FILL x0020
(30B9) 0071  0000000001110001 ( 134)                 .FILL x0071
(30BA) 0075  0000000001110101 ( 134)                 .FILL x0075
(30BB) 0069  0000000001101001 ( 134)                 .FILL x0069
(30BC) 0074  0000000001110100 ( 134)                 .FILL x0074
(30BD) 003A  0000000000111010 ( 134)                 .FILL x003A
(30BE) 000A  0000000000001010 ( 134)                 .FILL x000A
(30BF) 0000  0000000000000000 ( 134)                 .FILL x0000
(30C0) 000A  0000000000001010 ( 135) THANK           .FILL x000A
(30C1) 0054  0000000001010100 ( 135)                 .FILL x0054
(30C2) 0068  0000000001101000 ( 135)                 .FILL x0068
(30C3) 0061  0000000001100001 ( 135)                 .FILL x0061
(30C4) 006E  0000000001101110 ( 135)                 .FILL x006E
(30C5) 006B  0000000001101011 ( 135)                 .FILL x006B
(30C6) 0073  0000000001110011 ( 135)                 .FILL x0073
(30C7) 002C  0000000000101100 ( 135)                 .FILL x002C
(30C8) 0020  0000000000100000 ( 135)                 .FILL x0020
(30C9) 0068  0000000001101000 ( 135)                 .FILL x0068
(30CA) 0065  0000000001100101 ( 135)                 .FILL x0065
(30CB) 0072  0000000001110010 ( 135)                 .FILL x0072
(30CC) 0065  0000000001100101 ( 135)                 .FILL x0065
(30CD) 0020  0000000000100000 ( 135)                 .FILL x0020
(30CE) 0069  0000000001101001 ( 135)                 .FILL x0069
(30CF) 0074  0000000001110100 ( 135)                 .FILL x0074
(30D0) 0020  0000000000100000 ( 135)                 .FILL x0020
(30D1) 0069  0000000001101001 ( 135)                 .FILL x0069
(30D2) 0073  0000000001110011 ( 135)                 .FILL x0073
(30D3) 0020  0000000000100000 ( 135)                 .FILL x0020
(30D4) 0069  0000000001101001 ( 135)                 .FILL x0069
(30D5) 006E  0000000001101110 ( 135)                 .FILL x006E
(30D6) 0020  0000000000100000 ( 135)                 .FILL x0020
(30D7) 0062  0000000001100010 ( 135)                 .FILL x0062
(30D8) 0069  0000000001101001 ( 135)                 .FILL x0069
(30D9) 006E  0000000001101110 ( 135)                 .FILL x006E
(30DA) 0061  0000000001100001 ( 135)                 .FILL x0061
(30DB) 0072  0000000001110010 ( 135)                 .FILL x0072
(30DC) 0079  0000000001111001 ( 135)                 .FILL x0079
(30DD) 000A  0000000000001010 ( 135)                 .FILL x000A
(30DE) 0000  0000000000000000 ( 135)                 .FILL x0000
(30DF) 000A  0000000000001010 ( 136) BYE             .FILL x000A
(30E0) 0042  0000000001000010 ( 136)                 .FILL x0042
(30E1) 0079  0000000001111001 ( 136)                 .FILL x0079
(30E2) 0065  0000000001100101 ( 136)                 .FILL x0065
(30E3) 002E  0000000000101110 ( 136)                 .FILL x002E
(30E4) 0020  0000000000100000 ( 136)                 .FILL x0020
(30E5) 0048  0000000001001000 ( 136)                 .FILL x0048
(30E6) 0061  0000000001100001 ( 136)                 .FILL x0061
(30E7) 0076  0000000001110110 ( 136)                 .FILL x0076
(30E8) 0065  0000000001100101 ( 136)                 .FILL x0065
(30E9) 0020  0000000000100000 ( 136)                 .FILL x0020
(30EA) 0061  0000000001100001 ( 136)                 .FILL x0061
(30EB) 0020  0000000000100000 ( 136)                 .FILL x0020
(30EC) 0067  0000000001100111 ( 136)                 .FILL x0067
(30ED) 0072  0000000001110010 ( 136)                 .FILL x0072
(30EE) 0065  0000000001100101 ( 136)                 .FILL x0065
(30EF) 0061  0000000001100001 ( 136)                 .FILL x0061
(30F0) 0074  0000000001110100 ( 136)                 .FILL x0074
(30F1) 0020  0000000000100000 ( 136)                 .FILL x0020
(30F2) 0064  0000000001100100 ( 136)                 .FILL x0064
(30F3) 0061  0000000001100001 ( 136)                 .FILL x0061
(30F4) 0079  0000000001111001 ( 136)                 .FILL x0079
(30F5) 002E  0000000000101110 ( 136)                 .FILL x002E
(30F6) 0000  0000000000000000 ( 136)                 .FILL x0000
(30F7) 8000  1000000000000000 ( 138) MASK            .FILL x8000
(30F8) 4000  0100000000000000 ( 139)                 .FILL x4000
(30F9) 2000  0010000000000000 ( 140)                 .FILL x2000
(30FA) 1000  0001000000000000 ( 141)                 .FILL x1000
(30FB) 0800  0000100000000000 ( 142)                 .FILL x0800
(30FC) 0400  0000010000000000 ( 143)                 .FILL x0400
(30FD) 0200  0000001000000000 ( 144)                 .FILL x0200
(30FE) 0100  0000000100000000 ( 145)                 .FILL x0100
(30FF) 0080  0000000010000000 ( 146)                 .FILL x0080
(3100) 0040  0000000001000000 ( 147)                 .FILL x0040
(3101) 0020  0000000000100000 ( 148)                 .FILL x0020
(3102) 0010  0000000000010000 ( 149)                 .FILL x0010
(3103) 0008  0000000000001000 ( 150)                 .FILL x0008
(3104) 0004  0000000000000100 ( 151)                 .FILL x0004
(3105) 0002  0000000000000010 ( 152)                 .FILL x0002
(3106) 0001  0000000000000001 ( 153)                 .FILL x0001
